<?xml version="1.0" encoding="UTF-8"?>
<!-- Generated by org.testng.reporters.JUnitReportReporter -->
<testsuite skipped="0" hostname="ACURUS173" name="Runner.RunnerClass" tests="1" failures="0" timestamp="2020-12-07T02:29:24 PST" time="7.186" errors="0">
  <testcase name="runScenario" time="7.186" classname="Runner.RunnerClass"/>
  <system-out/>
</testsuite> <!-- Runner.RunnerClass -->
